<?xml version="1.0" encoding="utf-8"?>
<TestRun id="19206f6d-6449-46b0-bd50-b5ddd086dcd7" name="@USSTP70009404 2018-12-19 08:40:17" xmlns="http://microsoft.com/schemas/VisualStudio/TeamTest/2010">
  <Times creation="2018-12-19T08:40:17.9286010-05:00" queuing="2018-12-19T08:40:17.9286010-05:00" start="2018-12-19T08:40:16.6778360-05:00" finish="2018-12-19T08:40:17.9388940-05:00" />
  <TestSettings name="default" id="15825157-2c90-4cfa-a4f7-53433740b9de">
    <Deployment runDeploymentRoot="_USSTP70009404_2018-12-19_08_40_17" />
  </TestSettings>
  <Results>
    <UnitTestResult executionId="a31317c3-76c0-45f2-a56b-bc400a16f113" testId="1fdd6013-8c07-4248-89c1-9307160fedd8" testName="GameEngine.Tests.BossEnemyShould.HaveCorrectPower" computerName="USSTP70009404" duration="00:00:00.0110000" startTime="2018-12-19T08:40:17.7642820-05:00" endTime="2018-12-19T08:40:17.7642830-05:00" testType="13cdc9d9-ddb5-4fa4-a97d-d965ccfc6d4b" outcome="Passed" testListId="8c84fa94-04c1-424b-9868-57a2d4851a1d" relativeResultsDirectory="a31317c3-76c0-45f2-a56b-bc400a16f113">
      <Output>
        <StdOut>Creating Boss Enemy</StdOut>
      </Output>
    </UnitTestResult>
  </Results>
  <TestDefinitions>
    <UnitTest name="GameEngine.Tests.BossEnemyShould.HaveCorrectPower" storage="/users/negreteo/src/xunit.net_game/gameengine.tests/bin/debug/netcoreapp2.2/gameengine.tests.dll" id="1fdd6013-8c07-4248-89c1-9307160fedd8">
      <Execution id="a31317c3-76c0-45f2-a56b-bc400a16f113" />
      <TestMethod codeBase="/Users/negreteo/src/xUnit.net_Game/GameEngine.Tests/bin/Debug/netcoreapp2.2/GameEngine.Tests.dll" adapterTypeName="executor://xunit/VsTestRunner2/netcoreapp" className="GameEngine.Tests" name="GameEngine.Tests.BossEnemyShould.HaveCorrectPower" />
    </UnitTest>
  </TestDefinitions>
  <TestEntries>
    <TestEntry testId="1fdd6013-8c07-4248-89c1-9307160fedd8" executionId="a31317c3-76c0-45f2-a56b-bc400a16f113" testListId="8c84fa94-04c1-424b-9868-57a2d4851a1d" />
  </TestEntries>
  <TestLists>
    <TestList name="Results Not in a List" id="8c84fa94-04c1-424b-9868-57a2d4851a1d" />
    <TestList name="All Loaded Results" id="19431567-8539-422a-85d7-44ee4e166bda" />
  </TestLists>
  <ResultSummary outcome="Completed">
    <Counters total="1" executed="1" passed="1" failed="0" error="0" timeout="0" aborted="0" inconclusive="0" passedButRunAborted="0" notRunnable="0" notExecuted="0" disconnected="0" warning="0" completed="0" inProgress="0" pending="0" />
    <Output>
      <StdOut>[xUnit.net 00:00:00.00] xUnit.net VSTest Adapter v2.4.0 (64-bit .NET Core 4.6.27110.04)[xUnit.net 00:00:00.35]   Discovering: GameEngine.Tests[xUnit.net 00:00:00.40]   Discovered:  GameEngine.Tests[xUnit.net 00:00:00.41]   Starting:    GameEngine.Tests[xUnit.net 00:00:00.54]   Finished:    GameEngine.Tests</StdOut>
    </Output>
  </ResultSummary>
</TestRun>